<?xml version="1.0" encoding="UTF-8"?>
<!-- Generated by org.testng.reporters.JUnitReportReporter -->
<testsuite hostname="Dell-PC" name="walletHub.RunnerWallethub" tests="1" failures="0" timestamp="15 Feb 2018 17:34:48 GMT" time="0.059" errors="0">
  <testcase name="wallethubReview" time="0.059" classname="walletHub.RunnerWallethub"/>
</testsuite> <!-- walletHub.RunnerWallethub -->
