<?xml version="1.0" encoding="UTF-8"?>
<!-- Generated by org.testng.reporters.JUnitReportReporter -->
<testsuite hostname="Dell-PC" name="authenticate.Authentic" tests="1" failures="0" timestamp="1 Aug 2018 16:40:03 GMT" time="37.607" errors="0">
  <testcase name="launchBrowserr" time="37.607" classname="authenticate.Authentic"/>
</testsuite> <!-- authenticate.Authentic -->
